c:\users\timon\documents\github\blockgame\blockgame\x64\debug\vc143.pdb
c:\users\timon\documents\github\blockgame\blockgame\x64\debug\vc143.idb
c:\users\timon\documents\github\blockgame\blockgame\x64\debug\glad.obj
c:\users\timon\documents\github\blockgame\blockgame\x64\debug\perlinnoise.obj
c:\users\timon\documents\github\blockgame\blockgame\x64\debug\main.obj
c:\users\timon\documents\github\blockgame\blockgame\x64\debug\imgui_widgets.obj
c:\users\timon\documents\github\blockgame\blockgame\x64\debug\imgui_tables.obj
c:\users\timon\documents\github\blockgame\blockgame\x64\debug\imgui_impl_opengl3.obj
c:\users\timon\documents\github\blockgame\blockgame\x64\debug\imgui_impl_glfw.obj
c:\users\timon\documents\github\blockgame\blockgame\x64\debug\imgui_draw.obj
c:\users\timon\documents\github\blockgame\blockgame\x64\debug\imgui_demo.obj
c:\users\timon\documents\github\blockgame\blockgame\x64\debug\imgui.obj
c:\users\timon\documents\github\blockgame\blockgame\x64\debug\vertex.obj
c:\users\timon\documents\github\blockgame\blockgame\x64\debug\cube.obj
c:\users\timon\documents\github\blockgame\x64\debug\blockgame.exe
c:\users\timon\documents\github\blockgame\x64\debug\blockgame.pdb
c:\users\timon\documents\github\blockgame\blockgame\x64\debug\blockgame.ilk
c:\users\timon\documents\github\blockgame\blockgame\x64\debug\blockgame.tlog\cl.command.1.tlog
c:\users\timon\documents\github\blockgame\blockgame\x64\debug\blockgame.tlog\cl.items.tlog
c:\users\timon\documents\github\blockgame\blockgame\x64\debug\blockgame.tlog\cl.read.1.tlog
c:\users\timon\documents\github\blockgame\blockgame\x64\debug\blockgame.tlog\cl.write.1.tlog
c:\users\timon\documents\github\blockgame\blockgame\x64\debug\blockgame.tlog\link.command.1.tlog
c:\users\timon\documents\github\blockgame\blockgame\x64\debug\blockgame.tlog\link.read.1.tlog
c:\users\timon\documents\github\blockgame\blockgame\x64\debug\blockgame.tlog\link.secondary.1.tlog
c:\users\timon\documents\github\blockgame\blockgame\x64\debug\blockgame.tlog\link.write.1.tlog
